timestamp: 2016-06-22T18:57:38.142000
CREATE TABLE auth_user(
    id INTEGER PRIMARY KEY AUTOINCREMENT,
    first_name CHAR(128),
    last_name CHAR(128),
    email CHAR(512),
    password CHAR(512),
    registration_key CHAR(512),
    reset_password_key CHAR(512),
    registration_id CHAR(512)
);
success!
timestamp: 2016-06-22T18:57:38.302000
CREATE TABLE auth_group(
    id INTEGER PRIMARY KEY AUTOINCREMENT,
    role CHAR(512),
    description TEXT
);
success!
timestamp: 2016-06-22T18:57:38.463000
CREATE TABLE auth_membership(
    id INTEGER PRIMARY KEY AUTOINCREMENT,
    user_id INTEGER REFERENCES auth_user (id) ON DELETE CASCADE  ,
    group_id INTEGER REFERENCES auth_group (id) ON DELETE CASCADE  
);
success!
timestamp: 2016-06-22T18:57:38.659000
CREATE TABLE auth_permission(
    id INTEGER PRIMARY KEY AUTOINCREMENT,
    group_id INTEGER REFERENCES auth_group (id) ON DELETE CASCADE  ,
    name CHAR(512),
    table_name CHAR(512),
    record_id INTEGER
);
success!
timestamp: 2016-06-22T18:57:38.806000
CREATE TABLE auth_event(
    id INTEGER PRIMARY KEY AUTOINCREMENT,
    time_stamp TIMESTAMP,
    client_ip CHAR(512),
    user_id INTEGER REFERENCES auth_user (id) ON DELETE CASCADE  ,
    origin CHAR(512),
    description TEXT
);
success!
timestamp: 2016-06-22T18:57:38.975000
CREATE TABLE auth_cas(
    id INTEGER PRIMARY KEY AUTOINCREMENT,
    user_id INTEGER REFERENCES auth_user (id) ON DELETE CASCADE  ,
    created_on TIMESTAMP,
    service CHAR(512),
    ticket CHAR(512),
    renew CHAR(1)
);
success!
timestamp: 2016-06-22T18:59:12.706000
CREATE TABLE loginn(
    id INTEGER PRIMARY KEY AUTOINCREMENT,
    log_nome CHAR(512) UNIQUE,
    log_senha CHAR(512)
);
success!
timestamp: 2016-06-22T19:14:03.511000
CREATE TABLE setor(
    id INTEGER PRIMARY KEY AUTOINCREMENT,
    set_setor CHAR(512),
    set_area CHAR(512)
);
success!
timestamp: 2016-07-14T19:30:40.192000
ALTER TABLE auth_user ADD office CHAR(512);
success!
timestamp: 2016-07-14T19:32:08.326000
ALTER TABLE auth_user ADD supervisor CHAR(512);
timestamp: 2016-07-14T19:32:08.520000
ALTER TABLE auth_user ADD re CHAR(512);
success!
timestamp: 2016-07-14T19:33:49.185000
ALTER TABLE auth_user ADD contato CHAR(512);
timestamp: 2016-07-14T19:33:49.338000
ALTER TABLE auth_user ADD setor CHAR(512);
success!
timestamp: 2016-07-14T19:35:25.306000
ALTER TABLE auth_user ADD funcao CHAR(512);
success!
success!
timestamp: 2016-07-14T19:36:11.302000
ALTER TABLE auth_user ADD celular CHAR(512);
success!
timestamp: 2016-07-14T19:46:00.798000
CREATE TABLE funcao(
    id INTEGER PRIMARY KEY AUTOINCREMENT,
    fun_nome CHAR(512),
    fun_descricao TEXT
);
success!
success!
success!
success!
success!
success!
success!
success!
success!
success!
success!
success!
success!
success!
success!
success!
success!
success!
success!
success!
success!
success!
success!
success!
success!
success!
success!
success!
success!
success!
success!
success!
success!
success!
success!
success!
success!
success!
success!
success!
success!
success!
success!
success!
success!
success!
success!
success!
success!
timestamp: 2016-07-14T20:23:34.142000
CREATE TABLE cadastros(
    id INTEGER PRIMARY KEY AUTOINCREMENT,
    set_setor CHAR(512),
    set_area CHAR(512)
);
success!
success!
success!
success!
success!
success!
success!
success!
success!
success!
success!
success!
success!
success!
success!
success!
success!
success!
success!
success!
success!
success!
success!
success!
success!
success!
success!
success!
success!
success!
success!
success!
success!
success!
success!
success!
success!
success!
success!
success!
success!
success!
success!
success!
success!
timestamp: 2016-08-11T19:38:46.396000
CREATE TABLE planta(
    id INTEGER PRIMARY KEY AUTOINCREMENT,
    plan_nome CHAR(512),
    image CHAR(512)
);
success!
success!
success!
success!
success!
success!
success!
success!
success!
success!
success!
success!
success!
success!
success!
success!
success!
success!
success!
success!
success!
success!
success!
success!
success!
success!
success!
success!
success!
success!
success!
success!
success!
success!
success!
success!
success!
success!
success!
success!
success!
success!
success!
success!
success!
success!
success!
success!
success!
success!
success!
success!
success!
success!
success!
success!
success!
success!
success!
success!
success!
success!
success!
success!
success!
success!
success!
success!
success!
success!
success!
success!
success!
success!
success!
success!
success!
success!
success!
success!
success!
success!
success!
success!
success!
success!
success!
success!
success!
success!
success!
success!
success!
success!
success!
success!
success!
success!
success!
success!
success!
success!
success!
success!
success!
success!
success!
success!
success!
success!
success!
success!
success!
success!
success!
success!
success!
success!
success!
success!
success!
success!
success!
success!
success!
success!
success!
success!
success!
success!
success!
success!
success!
success!
success!
success!
success!
success!
success!
success!
success!
success!
success!
success!
success!
success!
success!
success!
success!
success!
success!
success!
success!
success!
success!
success!
success!
success!
success!
success!
success!
success!
success!
success!
success!
success!
success!
success!
success!
success!
success!
success!
success!
success!
success!
success!
success!
success!
success!
success!
success!
success!
success!
success!
timestamp: 2016-08-31T19:43:28.937000
ALTER TABLE setor ADD set_x CHAR(512);
timestamp: 2016-08-31T19:43:29.043000
ALTER TABLE setor ADD set_y CHAR(512);
timestamp: 2016-08-31T19:43:29.156000
ALTER TABLE setor ADD set_height CHAR(512);
timestamp: 2016-08-31T19:43:29.282000
ALTER TABLE setor ADD set_width CHAR(512);
success!
success!
success!
success!
success!
success!
success!
success!
success!
success!
success!
success!
success!
success!
success!
success!
success!
success!
success!
success!
success!
success!
success!
success!
success!
success!
success!
success!
success!
success!
success!
success!
success!
success!
success!
success!
success!
success!
success!
success!
success!
success!
success!
success!
success!
success!
success!
success!
